<?xml version="1.0" encoding="utf-8"?><testsuites name="pytest tests"><testsuite name="pytest" errors="0" failures="0" skipped="0" tests="21" time="1.875" timestamp="2026-01-31T12:01:01.428947+00:00" hostname="agent-env-061a3789-e995-4b43-95f6-e7901c9d7819"><testcase classname="tests.test_jacadi_dsr.TestAuthentication" name="test_login_success" time="0.084" /><testcase classname="tests.test_jacadi_dsr.TestAuthentication" name="test_login_invalid_credentials" time="0.004" /><testcase classname="tests.test_jacadi_dsr.TestAuthentication" name="test_login_missing_fields" time="0.007" /><testcase classname="tests.test_jacadi_dsr.TestHealthEndpoints" name="test_health_endpoint" time="0.002" /><testcase classname="tests.test_jacadi_dsr.TestDashboardEndpoints" name="test_dashboard_summary" time="0.104" /><testcase classname="tests.test_jacadi_dsr.TestDashboardEndpoints" name="test_retail_performance" time="0.152" /><testcase classname="tests.test_jacadi_dsr.TestDashboardEndpoints" name="test_retail_efficiency" time="0.109" /><testcase classname="tests.test_jacadi_dsr.TestDashboardEndpoints" name="test_whatsapp_sales_breakdown" time="0.109" /><testcase classname="tests.test_jacadi_dsr.TestDashboardEndpoints" name="test_omni_channel_tm_lm" time="0.113" /><testcase classname="tests.test_jacadi_dsr.TestDashboardEndpoints" name="test_omni_channel_details" time="0.108" /><testcase classname="tests.test_jacadi_dsr.TestDashboardEndpoints" name="test_retail_omni_total" time="0.115" /><testcase classname="tests.test_jacadi_dsr.TestDashboardEndpoints" name="test_latest_date" time="0.081" /><testcase classname="tests.test_jacadi_dsr.TestDashboardFilters" name="test_summary_with_date_range" time="0.107" /><testcase classname="tests.test_jacadi_dsr.TestDashboardFilters" name="test_retail_performance_with_location_filter" time="0.120" /><testcase classname="tests.test_jacadi_dsr.TestFilterEndpoints" name="test_get_locations" time="0.079" /><testcase classname="tests.test_jacadi_dsr.TestFilterEndpoints" name="test_get_brands" time="0.096" /><testcase classname="tests.test_jacadi_dsr.TestFilterEndpoints" name="test_get_categories" time="0.101" /><testcase classname="tests.test_jacadi_dsr.TestAuthorizationProtection" name="test_dashboard_requires_auth" time="0.002" /><testcase classname="tests.test_jacadi_dsr.TestAuthorizationProtection" name="test_invalid_token_rejected" time="0.002" /><testcase classname="tests.test_jacadi_dsr.TestDataIntegrity" name="test_locations_match_across_endpoints" time="0.136" /><testcase classname="tests.test_jacadi_dsr.TestDataIntegrity" name="test_summary_totals_reasonable" time="0.105" /></testsuite></testsuites>